{"D:\\Talora\\packages\\domain\\src\\rules\\groupRules.ts": {"path":"D:\\Talora\\packages\\domain\\src\\rules\\groupRules.ts","statementMap":{"0":{"start":{"line":17,"column":0},"end":{"line":17,"column":16}},"1":{"start":{"line":30,"column":0},"end":{"line":30,"column":16}},"2":{"start":{"line":42,"column":0},"end":{"line":42,"column":16}},"3":{"start":{"line":11,"column":13},"end":{"line":15,"column":2}},"4":{"start":{"line":18,"column":14},"end":{"line":18,"column":60}},"5":{"start":{"line":19,"column":14},"end":{"line":19,"column":60}},"6":{"start":{"line":21,"column":2},"end":{"line":23,"column":3}},"7":{"start":{"line":22,"column":4},"end":{"line":22,"column":76}},"8":{"start":{"line":24,"column":2},"end":{"line":26,"column":3}},"9":{"start":{"line":25,"column":4},"end":{"line":25,"column":96}},"10":{"start":{"line":27,"column":2},"end":{"line":27,"column":25}},"11":{"start":{"line":34,"column":2},"end":{"line":36,"column":3}},"12":{"start":{"line":35,"column":4},"end":{"line":35,"column":73}},"13":{"start":{"line":37,"column":2},"end":{"line":37,"column":25}},"14":{"start":{"line":47,"column":2},"end":{"line":47,"column":32}},"15":{"start":{"line":47,"column":16},"end":{"line":47,"column":32}},"16":{"start":{"line":48,"column":2},"end":{"line":48,"column":55}},"17":{"start":{"line":48,"column":37},"end":{"line":48,"column":55}},"18":{"start":{"line":49,"column":2},"end":{"line":49,"column":19}}},"fnMap":{"0":{"name":"validateGroupPolicy","decl":{"start":{"line":17,"column":16},"end":{"line":17,"column":35}},"loc":{"start":{"line":17,"column":64},"end":{"line":28,"column":1}}},"1":{"name":"validateGroupCapacity","decl":{"start":{"line":30,"column":16},"end":{"line":30,"column":37}},"loc":{"start":{"line":32,"column":17},"end":{"line":38,"column":1}}},"2":{"name":"deriveGroupStatus","decl":{"start":{"line":42,"column":16},"end":{"line":42,"column":33}},"loc":{"start":{"line":45,"column":18},"end":{"line":50,"column":1}}}},"branchMap":{"0":{"loc":{"start":{"line":18,"column":14},"end":{"line":18,"column":60}},"type":"binary-expr","locations":[{"start":{"line":18,"column":14},"end":{"line":18,"column":28}},{"start":{"line":18,"column":32},"end":{"line":18,"column":60}}]},"1":{"loc":{"start":{"line":19,"column":14},"end":{"line":19,"column":60}},"type":"binary-expr","locations":[{"start":{"line":19,"column":14},"end":{"line":19,"column":28}},{"start":{"line":19,"column":32},"end":{"line":19,"column":60}}]},"2":{"loc":{"start":{"line":21,"column":2},"end":{"line":23,"column":3}},"type":"if","locations":[{"start":{"line":21,"column":2},"end":{"line":23,"column":3}},{"start":{},"end":{}}]},"3":{"loc":{"start":{"line":24,"column":2},"end":{"line":26,"column":3}},"type":"if","locations":[{"start":{"line":24,"column":2},"end":{"line":26,"column":3}},{"start":{},"end":{}}]},"4":{"loc":{"start":{"line":34,"column":2},"end":{"line":36,"column":3}},"type":"if","locations":[{"start":{"line":34,"column":2},"end":{"line":36,"column":3}},{"start":{},"end":{}}]},"5":{"loc":{"start":{"line":45,"column":2},"end":{"line":45,"column":18}},"type":"default-arg","locations":[{"start":{"line":45,"column":13},"end":{"line":45,"column":18}}]},"6":{"loc":{"start":{"line":47,"column":2},"end":{"line":47,"column":32}},"type":"if","locations":[{"start":{"line":47,"column":2},"end":{"line":47,"column":32}},{"start":{},"end":{}}]},"7":{"loc":{"start":{"line":48,"column":2},"end":{"line":48,"column":55}},"type":"if","locations":[{"start":{"line":48,"column":2},"end":{"line":48,"column":55}},{"start":{},"end":{}}]}},"s":{"0":1,"1":1,"2":1,"3":1,"4":6,"5":6,"6":6,"7":1,"8":5,"9":2,"10":3,"11":4,"12":2,"13":2,"14":5,"15":2,"16":3,"17":2,"18":1},"f":{"0":6,"1":4,"2":5},"b":{"0":[6,1],"1":[6,1],"2":[1,5],"3":[2,3],"4":[2,2],"5":[3],"6":[2,3],"7":[2,1]}}
,"D:\\Talora\\packages\\domain\\src\\validators\\identifier.ts": {"path":"D:\\Talora\\packages\\domain\\src\\validators\\identifier.ts","statementMap":{"0":{"start":{"line":12,"column":0},"end":{"line":12,"column":16}},"1":{"start":{"line":28,"column":0},"end":{"line":28,"column":16}},"2":{"start":{"line":44,"column":0},"end":{"line":44,"column":16}},"3":{"start":{"line":13,"column":2},"end":{"line":15,"column":3}},"4":{"start":{"line":14,"column":4},"end":{"line":14,"column":65}},"5":{"start":{"line":17,"column":16},"end":{"line":17,"column":43}},"6":{"start":{"line":18,"column":16},"end":{"line":18,"column":49}},"7":{"start":{"line":19,"column":2},"end":{"line":24,"column":3}},"8":{"start":{"line":20,"column":4},"end":{"line":23,"column":6}},"9":{"start":{"line":25,"column":2},"end":{"line":25,"column":47}},"10":{"start":{"line":29,"column":2},"end":{"line":31,"column":3}},"11":{"start":{"line":30,"column":4},"end":{"line":30,"column":70}},"12":{"start":{"line":33,"column":16},"end":{"line":33,"column":57}},"13":{"start":{"line":34,"column":16},"end":{"line":34,"column":45}},"14":{"start":{"line":35,"column":2},"end":{"line":40,"column":3}},"15":{"start":{"line":36,"column":4},"end":{"line":39,"column":6}},"16":{"start":{"line":41,"column":2},"end":{"line":41,"column":47}},"17":{"start":{"line":48,"column":21},"end":{"line":48,"column":57}},"18":{"start":{"line":49,"column":2},"end":{"line":49,"column":43}},"19":{"start":{"line":49,"column":25},"end":{"line":49,"column":43}},"20":{"start":{"line":51,"column":17},"end":{"line":51,"column":54}},"21":{"start":{"line":52,"column":2},"end":{"line":52,"column":35}},"22":{"start":{"line":52,"column":21},"end":{"line":52,"column":35}},"23":{"start":{"line":54,"column":2},"end":{"line":59,"column":3}},"24":{"start":{"line":55,"column":4},"end":{"line":58,"column":6}},"25":{"start":{"line":61,"column":2},"end":{"line":61,"column":60}}},"fnMap":{"0":{"name":"validateStudentNumber","decl":{"start":{"line":12,"column":16},"end":{"line":12,"column":37}},"loc":{"start":{"line":12,"column":59},"end":{"line":26,"column":1}}},"1":{"name":"validateRegistrationNumber","decl":{"start":{"line":28,"column":16},"end":{"line":28,"column":42}},"loc":{"start":{"line":28,"column":60},"end":{"line":42,"column":1}}},"2":{"name":"validateIdentifierConsistency","decl":{"start":{"line":44,"column":16},"end":{"line":44,"column":45}},"loc":{"start":{"line":46,"column":19},"end":{"line":62,"column":1}}}},"branchMap":{"0":{"loc":{"start":{"line":13,"column":2},"end":{"line":15,"column":3}},"type":"if","locations":[{"start":{"line":13,"column":2},"end":{"line":15,"column":3}},{"start":{},"end":{}}]},"1":{"loc":{"start":{"line":19,"column":2},"end":{"line":24,"column":3}},"type":"if","locations":[{"start":{"line":19,"column":2},"end":{"line":24,"column":3}},{"start":{},"end":{}}]},"2":{"loc":{"start":{"line":29,"column":2},"end":{"line":31,"column":3}},"type":"if","locations":[{"start":{"line":29,"column":2},"end":{"line":31,"column":3}},{"start":{},"end":{}}]},"3":{"loc":{"start":{"line":35,"column":2},"end":{"line":40,"column":3}},"type":"if","locations":[{"start":{"line":35,"column":2},"end":{"line":40,"column":3}},{"start":{},"end":{}}]},"4":{"loc":{"start":{"line":49,"column":2},"end":{"line":49,"column":43}},"type":"if","locations":[{"start":{"line":49,"column":2},"end":{"line":49,"column":43}},{"start":{},"end":{}}]},"5":{"loc":{"start":{"line":52,"column":2},"end":{"line":52,"column":35}},"type":"if","locations":[{"start":{"line":52,"column":2},"end":{"line":52,"column":35}},{"start":{},"end":{}}]},"6":{"loc":{"start":{"line":54,"column":2},"end":{"line":59,"column":3}},"type":"if","locations":[{"start":{"line":54,"column":2},"end":{"line":59,"column":3}},{"start":{},"end":{}}]}},"s":{"0":1,"1":1,"2":1,"3":14,"4":1,"5":13,"6":13,"7":13,"8":7,"9":6,"10":13,"11":0,"12":13,"13":13,"14":13,"15":6,"16":7,"17":4,"18":4,"19":1,"20":3,"21":3,"22":1,"23":2,"24":1,"25":1},"f":{"0":14,"1":13,"2":4},"b":{"0":[1,13],"1":[7,6],"2":[0,13],"3":[6,7],"4":[1,3],"5":[1,2],"6":[1,1]}}
}
