TN:
SF:src\rules\groupRules.ts
FN:17,validateGroupPolicy
FN:30,validateGroupCapacity
FN:42,deriveGroupStatus
FNF:3
FNH:3
FNDA:6,validateGroupPolicy
FNDA:4,validateGroupCapacity
FNDA:5,deriveGroupStatus
DA:11,1
DA:17,1
DA:18,6
DA:19,6
DA:21,6
DA:22,1
DA:24,5
DA:25,2
DA:27,3
DA:30,1
DA:34,4
DA:35,2
DA:37,2
DA:42,1
DA:47,5
DA:48,3
DA:49,1
LF:17
LH:17
BRDA:18,0,0,6
BRDA:18,0,1,1
BRDA:19,1,0,6
BRDA:19,1,1,1
BRDA:21,2,0,1
BRDA:21,2,1,5
BRDA:24,3,0,2
BRDA:24,3,1,3
BRDA:34,4,0,2
BRDA:34,4,1,2
BRDA:45,5,0,3
BRDA:47,6,0,2
BRDA:47,6,1,3
BRDA:48,7,0,2
BRDA:48,7,1,1
BRF:15
BRH:15
end_of_record
TN:
SF:src\validators\identifier.ts
FN:12,validateStudentNumber
FN:28,validateRegistrationNumber
FN:44,validateIdentifierConsistency
FNF:3
FNH:3
FNDA:14,validateStudentNumber
FNDA:13,validateRegistrationNumber
FNDA:4,validateIdentifierConsistency
DA:12,1
DA:13,14
DA:14,1
DA:17,13
DA:18,13
DA:19,13
DA:20,7
DA:25,6
DA:28,1
DA:29,13
DA:30,0
DA:33,13
DA:34,13
DA:35,13
DA:36,6
DA:41,7
DA:44,1
DA:48,4
DA:49,4
DA:51,3
DA:52,3
DA:54,2
DA:55,1
DA:61,1
LF:24
LH:23
BRDA:13,0,0,1
BRDA:13,0,1,13
BRDA:19,1,0,7
BRDA:19,1,1,6
BRDA:29,2,0,0
BRDA:29,2,1,13
BRDA:35,3,0,6
BRDA:35,3,1,7
BRDA:49,4,0,1
BRDA:49,4,1,3
BRDA:52,5,0,1
BRDA:52,5,1,2
BRDA:54,6,0,1
BRDA:54,6,1,1
BRF:14
BRH:13
end_of_record
